0 info it worked if it ends with ok
1 verbose cli [ '/usr/bin/nodejs', '/usr/bin/npm', 'start', '-P', '8080' ]
2 info using npm@3.8.2
3 info using node@v5.9.0
4 verbose run-script [ 'prestart', 'start', 'poststart' ]
5 info lifecycle groupsdiscussion@~prestart: groupsdiscussion@
6 silly lifecycle groupsdiscussion@~prestart: no script for prestart, continuing
7 info lifecycle groupsdiscussion@~start: groupsdiscussion@
8 verbose lifecycle groupsdiscussion@~start: unsafe-perm in lifecycle true
9 verbose lifecycle groupsdiscussion@~start: PATH: /usr/lib/node_modules/npm/bin/node-gyp-bin:/home/shailesh/group-discussion/node_modules/.bin:/usr/bin:/home/shailesh/.local/share/umake/bin:/usr/local/sbin:/usr/local/bin:/usr/sbin:/usr/bin:/sbin:/bin:/usr/games:/usr/local/games
10 verbose lifecycle groupsdiscussion@~start: CWD: /home/shailesh/group-discussion
11 silly lifecycle groupsdiscussion@~start: Args: [ '-c', 'meteor run "8080"' ]
12 silly lifecycle groupsdiscussion@~start: Returned: code: 1  signal: null
13 info lifecycle groupsdiscussion@~start: Failed to exec start script
14 verbose stack Error: groupsdiscussion@ start: `meteor run "8080"`
14 verbose stack Exit status 1
14 verbose stack     at EventEmitter.<anonymous> (/usr/lib/node_modules/npm/lib/utils/lifecycle.js:239:16)
14 verbose stack     at emitTwo (events.js:100:13)
14 verbose stack     at EventEmitter.emit (events.js:185:7)
14 verbose stack     at ChildProcess.<anonymous> (/usr/lib/node_modules/npm/lib/utils/spawn.js:24:14)
14 verbose stack     at emitTwo (events.js:100:13)
14 verbose stack     at ChildProcess.emit (events.js:185:7)
14 verbose stack     at maybeClose (internal/child_process.js:850:16)
14 verbose stack     at Process.ChildProcess._handle.onexit (internal/child_process.js:215:5)
15 verbose pkgid groupsdiscussion@
16 verbose cwd /home/shailesh/group-discussion
17 error Linux 3.16.0-67-generic
18 error argv "/usr/bin/nodejs" "/usr/bin/npm" "start" "-P" "8080"
19 error node v5.9.0
20 error npm  v3.8.2
21 error code ELIFECYCLE
22 error groupsdiscussion@ start: `meteor run "8080"`
22 error Exit status 1
23 error Failed at the groupsdiscussion@ start script 'meteor run "8080"'.
23 error Make sure you have the latest version of node.js and npm installed.
23 error If you do, this is most likely a problem with the groupsdiscussion package,
23 error not with npm itself.
23 error Tell the author that this fails on your system:
23 error     meteor run "8080"
23 error You can get information on how to open an issue for this project with:
23 error     npm bugs groupsdiscussion
23 error Or if that isn't available, you can get their info via:
23 error     npm owner ls groupsdiscussion
23 error There is likely additional logging output above.
24 verbose exit [ 1, true ]
